[debug] [2025-06-27T23:21:52.055Z] ----------------------------------------------------------------------
[debug] [2025-06-27T23:21:52.061Z] Command:       C:\Program Files\nodejs\node.exe C:\Users\shunf\AppData\Roaming\npm\node_modules\firebase-tools\lib\bin\firebase.js init emulators
[debug] [2025-06-27T23:21:52.062Z] CLI Version:   14.9.0
[debug] [2025-06-27T23:21:52.062Z] Platform:      win32
[debug] [2025-06-27T23:21:52.062Z] Node Version:  v20.19.3
[debug] [2025-06-27T23:21:52.063Z] Time:          Sat Jun 28 2025 08:21:52 GMT+0900 (日本標準時)
[debug] [2025-06-27T23:21:52.063Z] ----------------------------------------------------------------------
[debug] 
[debug] [2025-06-27T23:21:52.074Z] > command requires scopes: ["email","openid","https://www.googleapis.com/auth/cloudplatformprojects.readonly","https://www.googleapis.com/auth/firebase","https://www.googleapis.com/auth/cloud-platform"]
[debug] [2025-06-27T23:21:52.075Z] > authorizing via signed-in user (shunfj2411@gmail.com)
[info] 
     ######## #### ########  ######## ########     ###     ######  ########
     ##        ##  ##     ## ##       ##     ##  ##   ##  ##       ##
     ######    ##  ########  ######   ########  #########  ######  ######
     ##        ##  ##    ##  ##       ##     ## ##     ##       ## ##
     ##       #### ##     ## ######## ########  ##     ##  ######  ########

You're about to initialize a Firebase project in this directory:

  C:\Users\shunf\pulsedom

[info] 
=== Project Setup
[info] 
[info] First, let's associate this project directory with a Firebase project.
[info] You can create multiple project aliases by running firebase use --add, 
[info] but for now we'll just set up a default project.
[info] 
[debug] [2025-06-27T23:23:28.651Z] ExitPromptError: User force closed the prompt with SIGINT
    at Interface.sigint (C:\Users\shunf\AppData\Roaming\npm\node_modules\firebase-tools\node_modules\@inquirer\core\dist\commonjs\lib\create-prompt.js:101:37)
    at Interface.emit (node:events:524:28)
    at Interface.emit (node:domain:489:12)
    at [_ttyWrite] [as _ttyWrite] (node:internal/readline/interface:1125:18)
    at ReadStream.onkeypress (node:internal/readline/interface:264:20)
    at ReadStream.emit (node:events:536:35)
    at ReadStream.emit (node:domain:489:12)
    at emitKeys (node:internal/readline/utils:371:14)
    at emitKeys.next (<anonymous>)
    at ReadStream.onData (node:internal/readline/emitKeypressEvents:64:36)
[error] 
[error] Error: An unexpected error has occurred.
